File /home/businka/coursework/journal/accounts/templates/accounts/edit_testing.html previous mtime: 1734706473.1824121, current mtime: 1734707019.450471
/home/businka/coursework/journal/accounts/templates/accounts/edit_testing.html notified as changed. Signal results: [(<function template_changed at 0x7f08fdc1a830>, True), (<function translation_file_changed at 0x7f08fcbb3c70>, None)].
(0.001) SELECT "django_session"."session_key", "django_session"."session_data", "django_session"."expire_date" FROM "django_session" WHERE ("django_session"."expire_date" > '2024-12-20T15:03:50.764861+00:00'::timestamptz AND "django_session"."session_key" = 'cl80iaihb4cwo3j95st4surm7badq1vt') LIMIT 21; args=(datetime.datetime(2024, 12, 20, 15, 3, 50, 764861, tzinfo=datetime.timezone.utc), 'cl80iaihb4cwo3j95st4surm7badq1vt'); alias=default
(0.001) SELECT "accounts_customuser"."id", "accounts_customuser"."password", "accounts_customuser"."last_login", "accounts_customuser"."is_superuser", "accounts_customuser"."username", "accounts_customuser"."first_name", "accounts_customuser"."last_name", "accounts_customuser"."email", "accounts_customuser"."is_staff", "accounts_customuser"."is_active", "accounts_customuser"."date_joined" FROM "accounts_customuser" WHERE "accounts_customuser"."id" = 6 LIMIT 21; args=(6,); alias=default
(0.000) SELECT "accounts_question"."id", "accounts_question"."text", "accounts_question"."category" FROM "accounts_question"; args=(); alias=default
(0.000) SELECT DISTINCT "accounts_question"."category" FROM "accounts_question"; args=(); alias=default
"GET /edit_testing/ HTTP/1.1" 200 13894
"GET /static/accounts/styles.css HTTP/1.1" 304 0
File /home/businka/.local/lib/python3.10/site-packages/django/contrib/sessions/serializers.py first seen with mtime 1733555706.7807448
File /home/businka/.local/lib/python3.10/site-packages/django/contrib/messages/storage/fallback.py first seen with mtime 1733555706.7207448
File /home/businka/.local/lib/python3.10/site-packages/django/conf/locale/ru/formats.py first seen with mtime 1733555706.420745
File /home/businka/.local/lib/python3.10/site-packages/django/contrib/messages/storage/session.py first seen with mtime 1733555706.7207448
File /home/businka/.local/lib/python3.10/site-packages/django/contrib/messages/context_processors.py first seen with mtime 1733555706.7207448
File /home/businka/.local/lib/python3.10/site-packages/django/conf/locale/ru/__init__.py first seen with mtime 1733555706.420745
File /home/businka/.local/lib/python3.10/site-packages/django/contrib/messages/storage/cookie.py first seen with mtime 1733555706.7207448
File /home/businka/.local/lib/python3.10/site-packages/django/template/context_processors.py first seen with mtime 1733555706.8907447
File /home/businka/.local/lib/python3.10/site-packages/django/contrib/auth/context_processors.py first seen with mtime 1733555706.5607448
File /home/businka/.local/lib/python3.10/site-packages/django/contrib/staticfiles/storage.py first seen with mtime 1733555706.8407447
(0.001) SELECT "accounts_question"."id", "accounts_question"."text", "accounts_question"."category" FROM "accounts_question" WHERE "accounts_question"."id" = 34 LIMIT 21; args=(34,); alias=default
"GET /get-question-category/34/ HTTP/1.1" 200 113
(0.001) SELECT "accounts_question"."id", "accounts_question"."text", "accounts_question"."category" FROM "accounts_question" WHERE "accounts_question"."id" = 38 LIMIT 21; args=(38,); alias=default
"GET /get-question-category/38/ HTTP/1.1" 200 106
(0.000) SELECT "accounts_question"."id", "accounts_question"."text", "accounts_question"."category" FROM "accounts_question" WHERE "accounts_question"."id" = 34 LIMIT 21; args=(34,); alias=default
"GET /get-question-category/34/ HTTP/1.1" 200 113
